<?xml version="1.0" encoding="UTF-8"?>
<!-- Generated by org.testng.reporters.JUnitReportReporter -->
<testsuite hostname="DELL-Rodrigo" failures="0" tests="1" name="tests.ABTest" time="0.186" errors="0" timestamp="2022-05-09T15:33:15 CDT" skipped="0">
  <testcase classname="tests.ABTest" name="getText" time="0.186"/>
  <system-out/>
</testsuite> <!-- tests.ABTest -->
