<?xml version="1.0" encoding="UTF-8"?>
<!-- Generated by org.testng.reporters.JUnitReportReporter -->
<testsuite hostname="DELL-Rodrigo" failures="0" tests="3" name="tests.DynamicTest" time="6.288" errors="0" timestamp="2022-05-09T15:33:15 CDT" skipped="2">
  <testcase classname="tests.DynamicTest" name="secondRemoveTest" time="6.288"/>
  <system-out/>
  <testcase classname="tests.DynamicTest" name="removeTest">
    <skipped/>
  </testcase> <!-- removeTest -->
  <system-out/>
  <testcase classname="tests.DynamicTest" name="reachPageTest">
    <skipped/>
  </testcase> <!-- reachPageTest -->
  <system-out/>
</testsuite> <!-- tests.DynamicTest -->
