<?xml version="1.0" encoding="UTF-8"?>
<!-- Generated by org.testng.reporters.JUnitReportReporter -->
<testsuite hostname="DELL-Rodrigo" failures="0" tests="1" name="tests.BasicAuthTest" time="0.228" errors="0" timestamp="2022-05-09T15:33:15 CDT" skipped="0">
  <testcase classname="tests.BasicAuthTest" name="setKeys" time="0.228"/>
  <system-out/>
</testsuite> <!-- tests.BasicAuthTest -->
