<?xml version="1.0" encoding="UTF-8"?>
<!-- Generated by org.testng.reporters.JUnitReportReporter -->
<testsuite hostname="Lenovo-Rodrigo" failures="0" tests="3" name="tests.DynamicTest" time="7.293" errors="0" timestamp="2024-09-08T02:03:23 CST" skipped="2">
  <testcase classname="tests.DynamicTest" name="secondRemoveTest" time="7.293"/>
  <testcase classname="tests.DynamicTest" name="removeTest">
    <skipped/>
  </testcase> <!-- removeTest -->
  <testcase classname="tests.DynamicTest" name="reachPageTest">
    <skipped/>
  </testcase> <!-- reachPageTest -->
</testsuite> <!-- tests.DynamicTest -->
